2020-05-05 19:51:22,706 INFO 41347 [Timer] /Users/zeyangxu/nyu/software-engineering/fitmoji/back-end/node-server/node_modules/egg-multipart/app/schedule/clean_tmpdir.js next time will execute after 31117298ms at 2020-05-06 04:30:00.004
2020-05-05 19:51:22,706 INFO 41347 [Timer] /Users/zeyangxu/nyu/software-engineering/fitmoji/back-end/node-server/node_modules/egg-logrotator/app/schedule/clean_log.js next time will execute after 14917294ms at 2020-05-06 00:00:00.000
2020-05-05 19:51:22,706 INFO 41347 [Timer] /Users/zeyangxu/nyu/software-engineering/fitmoji/back-end/node-server/node_modules/egg-logrotator/app/schedule/rotate_by_file.js next time will execute after 14918294ms at 2020-05-06 00:00:01.000
2020-05-05 19:51:22,324 INFO 41349 [egg-schedule]: register schedule /Users/zeyangxu/nyu/software-engineering/fitmoji/back-end/node-server/node_modules/egg-multipart/app/schedule/clean_tmpdir.js
2020-05-05 19:51:22,324 INFO 41349 [egg-schedule]: register schedule /Users/zeyangxu/nyu/software-engineering/fitmoji/back-end/node-server/node_modules/egg-logrotator/app/schedule/clean_log.js
2020-05-05 19:51:22,324 INFO 41349 [egg-schedule]: register schedule /Users/zeyangxu/nyu/software-engineering/fitmoji/back-end/node-server/node_modules/egg-logrotator/app/schedule/rotate_by_file.js
2020-05-05 19:54:24,342 INFO 41679 [egg-schedule]: register schedule /Users/zeyangxu/nyu/software-engineering/fitmoji/back-end/node-server/node_modules/egg-multipart/app/schedule/clean_tmpdir.js
2020-05-05 19:54:24,342 INFO 41679 [egg-schedule]: register schedule /Users/zeyangxu/nyu/software-engineering/fitmoji/back-end/node-server/node_modules/egg-logrotator/app/schedule/clean_log.js
2020-05-05 19:54:24,342 INFO 41679 [egg-schedule]: register schedule /Users/zeyangxu/nyu/software-engineering/fitmoji/back-end/node-server/node_modules/egg-logrotator/app/schedule/rotate_by_file.js
2020-05-05 19:54:25,372 INFO 41685 [egg-schedule]: register schedule /Users/zeyangxu/nyu/software-engineering/fitmoji/back-end/node-server/node_modules/egg-multipart/app/schedule/clean_tmpdir.js
2020-05-05 19:54:25,372 INFO 41685 [egg-schedule]: register schedule /Users/zeyangxu/nyu/software-engineering/fitmoji/back-end/node-server/node_modules/egg-logrotator/app/schedule/clean_log.js
2020-05-05 19:54:25,372 INFO 41685 [egg-schedule]: register schedule /Users/zeyangxu/nyu/software-engineering/fitmoji/back-end/node-server/node_modules/egg-logrotator/app/schedule/rotate_by_file.js
2020-05-05 19:54:56,310 INFO 41751 [Timer] /Users/zeyangxu/nyu/software-engineering/fitmoji/back-end/node-server/node_modules/egg-multipart/app/schedule/clean_tmpdir.js next time will execute after 30903693ms at 2020-05-06 04:30:00.003
2020-05-05 19:54:56,311 INFO 41751 [Timer] /Users/zeyangxu/nyu/software-engineering/fitmoji/back-end/node-server/node_modules/egg-logrotator/app/schedule/clean_log.js next time will execute after 14703690ms at 2020-05-06 00:00:00.001
2020-05-05 19:54:56,312 INFO 41751 [Timer] /Users/zeyangxu/nyu/software-engineering/fitmoji/back-end/node-server/node_modules/egg-logrotator/app/schedule/rotate_by_file.js next time will execute after 14704689ms at 2020-05-06 00:00:01.001
2020-05-05 19:54:55,941 INFO 41753 [egg-schedule]: register schedule /Users/zeyangxu/nyu/software-engineering/fitmoji/back-end/node-server/node_modules/egg-multipart/app/schedule/clean_tmpdir.js
2020-05-05 19:54:55,941 INFO 41753 [egg-schedule]: register schedule /Users/zeyangxu/nyu/software-engineering/fitmoji/back-end/node-server/node_modules/egg-logrotator/app/schedule/clean_log.js
2020-05-05 19:54:55,941 INFO 41753 [egg-schedule]: register schedule /Users/zeyangxu/nyu/software-engineering/fitmoji/back-end/node-server/node_modules/egg-logrotator/app/schedule/rotate_by_file.js
2020-05-05 19:58:24,757 INFO 42311 [Timer] /Users/zeyangxu/nyu/software-engineering/fitmoji/back-end/node-server/node_modules/egg-multipart/app/schedule/clean_tmpdir.js next time will execute after 30695247ms at 2020-05-06 04:30:00.004
2020-05-05 19:58:24,757 INFO 42311 [Timer] /Users/zeyangxu/nyu/software-engineering/fitmoji/back-end/node-server/node_modules/egg-logrotator/app/schedule/clean_log.js next time will execute after 14495243ms at 2020-05-06 00:00:00.000
2020-05-05 19:58:24,758 INFO 42311 [Timer] /Users/zeyangxu/nyu/software-engineering/fitmoji/back-end/node-server/node_modules/egg-logrotator/app/schedule/rotate_by_file.js next time will execute after 14496243ms at 2020-05-06 00:00:01.001
2020-05-05 19:58:24,309 INFO 42317 [egg-schedule]: register schedule /Users/zeyangxu/nyu/software-engineering/fitmoji/back-end/node-server/node_modules/egg-multipart/app/schedule/clean_tmpdir.js
2020-05-05 19:58:24,309 INFO 42317 [egg-schedule]: register schedule /Users/zeyangxu/nyu/software-engineering/fitmoji/back-end/node-server/node_modules/egg-logrotator/app/schedule/clean_log.js
2020-05-05 19:58:24,309 INFO 42317 [egg-schedule]: register schedule /Users/zeyangxu/nyu/software-engineering/fitmoji/back-end/node-server/node_modules/egg-logrotator/app/schedule/rotate_by_file.js
2020-05-05 20:01:26,034 INFO 42757 [Timer] /Users/zeyangxu/nyu/software-engineering/fitmoji/back-end/node-server/node_modules/egg-multipart/app/schedule/clean_tmpdir.js next time will execute after 30513970ms at 2020-05-06 04:30:00.004
2020-05-05 20:01:26,034 INFO 42757 [Timer] /Users/zeyangxu/nyu/software-engineering/fitmoji/back-end/node-server/node_modules/egg-logrotator/app/schedule/clean_log.js next time will execute after 14313966ms at 2020-05-06 00:00:00.000
2020-05-05 20:01:26,035 INFO 42757 [Timer] /Users/zeyangxu/nyu/software-engineering/fitmoji/back-end/node-server/node_modules/egg-logrotator/app/schedule/rotate_by_file.js next time will execute after 14314965ms at 2020-05-06 00:00:01.000
2020-05-05 20:01:25,659 INFO 42759 [egg-schedule]: register schedule /Users/zeyangxu/nyu/software-engineering/fitmoji/back-end/node-server/node_modules/egg-multipart/app/schedule/clean_tmpdir.js
2020-05-05 20:01:25,659 INFO 42759 [egg-schedule]: register schedule /Users/zeyangxu/nyu/software-engineering/fitmoji/back-end/node-server/node_modules/egg-logrotator/app/schedule/clean_log.js
2020-05-05 20:01:25,659 INFO 42759 [egg-schedule]: register schedule /Users/zeyangxu/nyu/software-engineering/fitmoji/back-end/node-server/node_modules/egg-logrotator/app/schedule/rotate_by_file.js
